<?xml version="1.0" encoding="UTF-8"?>
<testng-results skipped="0" failed="0" total="1" passed="1">
  <reporter-output>
  </reporter-output>
  <suite name="Default suite" duration-ms="50" started-at="2017-03-26T03:05:32Z" finished-at="2017-03-26T03:05:32Z">
    <groups>
    </groups>
    <test name="Default test" duration-ms="50" started-at="2017-03-26T03:05:32Z" finished-at="2017-03-26T03:05:32Z">
      <class name="org.sag.impImpl.Central">
        <test-method status="PASS" signature="FirstMethod()[pri:0, instance:org.sag.impImpl.Central@31b7dea0]" name="FirstMethod" duration-ms="25" started-at="2017-03-26T08:35:32Z" finished-at="2017-03-26T08:35:32Z">
          <reporter-output>
          </reporter-output>
        </test-method> <!-- FirstMethod -->
      </class> <!-- org.sag.impImpl.Central -->
    </test> <!-- Default test -->
  </suite> <!-- Default suite -->
</testng-results>
