<?xml version="1.0" encoding="UTF-8"?>
<testng-results skipped="0" failed="0" total="2" passed="2">
  <reporter-output>
  </reporter-output>
  <suite name="Suite" duration-ms="31" started-at="2017-04-08T14:46:36Z" finished-at="2017-04-08T14:46:36Z">
    <groups>
    </groups>
    <test name="Test" duration-ms="31" started-at="2017-04-08T14:46:36Z" finished-at="2017-04-08T14:46:36Z">
      <class name="com.sag.maventestng.TestNGMavenClass">
        <test-method status="PASS" signature="citiID()[pri:0, instance:com.sag.maventestng.TestNGMavenClass@566776ad]" name="citiID" duration-ms="13" started-at="2017-04-08T20:16:36Z" finished-at="2017-04-08T20:16:36Z">
          <reporter-output>
          </reporter-output>
        </test-method> <!-- citiID -->
      </class> <!-- com.sag.maventestng.TestNGMavenClass -->
      <class name="org.sag.maven.TARegression">
        <test-method status="PASS" signature="getData()[pri:0, instance:org.sag.maven.TARegression@6bf256fa]" name="getData" duration-ms="0" started-at="2017-04-08T20:16:36Z" finished-at="2017-04-08T20:16:36Z">
          <reporter-output>
          </reporter-output>
        </test-method> <!-- getData -->
      </class> <!-- org.sag.maven.TARegression -->
    </test> <!-- Test -->
  </suite> <!-- Suite -->
</testng-results>
